<testsuites>
  <testsuite name="SemVer.Json.UnitTests.dll" tests="8" skipped="0" failures="0" errors="0" time="0.3279044" timestamp="2025-09-08T15:22:57" hostname="pkrvm7jw40e0xgp" id="0" package="SemVer.Json.UnitTests.dll">
    <properties />
    <testcase classname="SemVer.Json.UnitTests.Features.WriteJsonFile.WriteJsonCommandTests" name="WhenWritingJsonFile_ThenFileIsWrittenToCorrectPath" time="0.0938326" />
    <testcase classname="SemVer.Json.UnitTests.Features.WriteJsonFile.WriteJsonCommandTests" name="WhenWritingJsonFile_ThenJsonStringIsCorrect" time="0.1134441" />
    <testcase classname="SemVer.Json.UnitTests.Features.ReadJsonFile.ReadJsonCommandTests" name="WhenReadingAJsonFileWithAnIncorrectSchema_ThenShouldReturnErrorCode" time="0.0157730" />
    <testcase classname="SemVer.Json.UnitTests.Features.ReadJsonFile.ReadJsonCommandTests" name="WhenReadingJsonFile_ThenShouldReturnCorrectVersionInformation(file: &quot;Data/semver-0-1-4-5.json&quot;, major: &quot;0&quot;, minor: &quot;1&quot;, patch: &quot;4&quot;, build: &quot;5&quot;)" time="0.0033076" />
    <testcase classname="SemVer.Json.UnitTests.Features.ReadJsonFile.ReadJsonCommandTests" name="WhenReadingJsonFile_ThenShouldReturnCorrectVersionInformation(file: &quot;Data/semver-6-0-44-3.json&quot;, major: &quot;6&quot;, minor: &quot;0&quot;, patch: &quot;44&quot;, build: &quot;3&quot;)" time="0.0004157" />
    <testcase classname="SemVer.Json.UnitTests.Features.ReadJsonFile.ReadJsonCommandTests" name="WhenReadingMalformedJsonFile_ThenShouldReturnErrorCode" time="0.0023915" />
    <testcase classname="SemVer.Json.UnitTests.Features.ReadJsonFile.ReadJsonCommandTests" name="WhenReadingAJsonFileThatDoesNotExist_ThenShouldReturnErrorCode" time="0.0004747" />
    <testcase classname="SemVer.Json.UnitTests.SemVerTests" name="ToVersion_ReturnsAConcatenatedVersionString" time="0.0982652">
      <system-out><![CDATA[Ok, passed 100 tests.


]]></system-out>
    </testcase>
    <system-out>
Test Framework Informational Messages:
[xUnit.net 00:00:00.00] xUnit.net VSTest Adapter v3.1.4+50e68bbb8b (64-bit .NET 9.0.8)
[xUnit.net 00:00:00.08]   Discovering: SemVer.Json.UnitTests
[xUnit.net 00:00:00.12]   Discovered:  SemVer.Json.UnitTests
[xUnit.net 00:00:00.15]   Starting:    SemVer.Json.UnitTests
[xUnit.net 00:00:00.53]   Finished:    SemVer.Json.UnitTests
</system-out>
    <system-err></system-err>
  </testsuite>
</testsuites>